{
  message: 'Database Connected success',
  level: 'info',
  label: 'PH',
  timestamp: '2023-06-12T04:06:20.222Z'
}
{
  message: ' Application app listening on port 5000',
  level: 'info',
  label: 'PH',
  timestamp: '2023-06-12T04:06:20.255Z'
}
{
  message: 'Database Connected success',
  level: 'info',
  label: 'PH',
  timestamp: '2023-06-12T04:06:40.988Z'
}
{
  message: ' Application app listening on port 5000',
  level: 'info',
  label: 'PH',
  timestamp: '2023-06-12T04:06:41.001Z'
}
{
  message: 'Database Connected success',
  level: 'info',
  label: 'PH',
  timestamp: '2023-06-12T04:07:29.797Z'
}
{
  message: ' Application app listening on port 5000',
  level: 'info',
  label: 'PH',
  timestamp: '2023-06-12T04:07:29.810Z'
}
{
  message: 'Database Connected success',
  level: 'info',
  label: 'PH',
  timestamp: '2023-06-12T04:08:34.822Z'
}
{
  message: ' Application app listening on port 5000',
  level: 'info',
  label: 'PH',
  timestamp: '2023-06-12T04:08:34.834Z'
}
