{
  message: 'Database Connected success',
  level: 'info',
  label: 'PH',
  timestamp: '2023-06-12T12:17:57.875Z'
}
{
  message: ' Application app listening on port 5000',
  level: 'info',
  label: 'PH',
  timestamp: '2023-06-12T12:17:57.888Z'
}
{
  message: 'Database Connected success',
  level: 'info',
  label: 'PH',
  timestamp: '2023-06-12T12:18:31.131Z'
}
{
  message: ' Application app listening on port 5000',
  level: 'info',
  label: 'PH',
  timestamp: '2023-06-12T12:18:31.144Z'
}
{
  message: 'Database Connected success',
  level: 'info',
  label: 'PH',
  timestamp: '2023-06-12T12:27:01.433Z'
}
{
  message: ' Application app listening on port 5000',
  level: 'info',
  label: 'PH',
  timestamp: '2023-06-12T12:27:01.447Z'
}
{
  message: 'Database Connected success',
  level: 'info',
  label: 'PH',
  timestamp: '2023-06-12T12:27:32.781Z'
}
{
  message: ' Application app listening on port 5000',
  level: 'info',
  label: 'PH',
  timestamp: '2023-06-12T12:27:32.796Z'
}
{
  message: 'Database Connected success',
  level: 'info',
  label: 'PH',
  timestamp: '2023-06-12T12:27:49.130Z'
}
{
  message: ' Application app listening on port 5000',
  level: 'info',
  label: 'PH',
  timestamp: '2023-06-12T12:27:49.143Z'
}
{
  message: 'Database Connected success',
  level: 'info',
  label: 'PH',
  timestamp: '2023-06-12T12:37:49.588Z'
}
{
  message: ' Application app listening on port 5000',
  level: 'info',
  label: 'PH',
  timestamp: '2023-06-12T12:37:49.604Z'
}
{
  message: 'Database Connected success',
  level: 'info',
  label: 'PH',
  timestamp: '2023-06-12T12:38:06.267Z'
}
{
  message: ' Application app listening on port 5000',
  level: 'info',
  label: 'PH',
  timestamp: '2023-06-12T12:38:06.280Z'
}
{
  message: 'Database Connected success',
  level: 'info',
  label: 'PH',
  timestamp: '2023-06-12T12:38:38.524Z'
}
{
  message: ' Application app listening on port 5000',
  level: 'info',
  label: 'PH',
  timestamp: '2023-06-12T12:38:38.538Z'
}
