{
  message: 'Database Connected success',
  level: 'info',
  label: 'PH',
  timestamp: '2023-06-11T11:20:52.747Z'
}
{
  message: ' Application app listening on port 5000',
  level: 'info',
  label: 'PH',
  timestamp: '2023-06-11T11:20:52.767Z'
}
{
  message: 'Database Connected success',
  level: 'info',
  label: 'PH',
  timestamp: '2023-06-11T11:21:36.983Z'
}
{
  message: ' Application app listening on port 5000',
  level: 'info',
  label: 'PH',
  timestamp: '2023-06-11T11:21:36.994Z'
}
{
  message: 'Database Connected success',
  level: 'info',
  label: 'PH',
  timestamp: '2023-06-11T11:23:30.227Z'
}
{
  message: ' Application app listening on port 5000',
  level: 'info',
  label: 'PH',
  timestamp: '2023-06-11T11:23:30.241Z'
}
{
  message: 'Database Connected success',
  level: 'info',
  label: 'PH',
  timestamp: '2023-06-11T11:25:51.067Z'
}
{
  message: ' Application app listening on port 5000',
  level: 'info',
  label: 'PH',
  timestamp: '2023-06-11T11:25:51.080Z'
}
{
  message: 'Database Connected success',
  level: 'info',
  label: 'PH',
  timestamp: '2023-06-11T11:26:38.426Z'
}
{
  message: ' Application app listening on port 5000',
  level: 'info',
  label: 'PH',
  timestamp: '2023-06-11T11:26:38.437Z'
}
{
  message: 'Database Connected success',
  level: 'info',
  label: 'PH',
  timestamp: '2023-06-11T11:28:33.776Z'
}
{
  message: ' Application app listening on port 5000',
  level: 'info',
  label: 'PH',
  timestamp: '2023-06-11T11:28:33.787Z'
}
{
  message: 'Database Connected success',
  level: 'info',
  label: 'PH',
  timestamp: '2023-06-11T11:34:18.724Z'
}
{
  message: ' Application app listening on port 5000',
  level: 'info',
  label: 'PH',
  timestamp: '2023-06-11T11:34:18.736Z'
}
{
  message: 'Database Connected success',
  level: 'info',
  label: 'PH',
  timestamp: '2023-06-11T11:35:30.020Z'
}
{
  message: ' Application app listening on port 5000',
  level: 'info',
  label: 'PH',
  timestamp: '2023-06-11T11:35:30.035Z'
}
{
  message: 'Database Connected success',
  level: 'info',
  label: 'PH',
  timestamp: '2023-06-11T11:37:50.520Z'
}
{
  message: ' Application app listening on port 5000',
  level: 'info',
  label: 'PH',
  timestamp: '2023-06-11T11:37:50.530Z'
}
{
  message: 'Database Connected success',
  level: 'info',
  label: 'PH',
  timestamp: '2023-06-11T11:40:01.295Z'
}
{
  message: ' Application app listening on port 5000',
  level: 'info',
  label: 'PH',
  timestamp: '2023-06-11T11:40:01.310Z'
}
{
  message: 'Database Connected success',
  level: 'info',
  label: 'PH',
  timestamp: '2023-06-11T11:43:59.747Z'
}
{
  message: ' Application app listening on port 5000',
  level: 'info',
  label: 'PH',
  timestamp: '2023-06-11T11:43:59.757Z'
}
