{
  message: 'Database Connected success',
  level: 'info',
  label: 'PH',
  timestamp: '2023-06-18T18:03:43.943Z'
}
{
  message: ' Application app listening on port 5000',
  level: 'info',
  label: 'PH',
  timestamp: '2023-06-18T18:03:43.955Z'
}
{
  message: 'Database Connected success',
  level: 'info',
  label: 'PH',
  timestamp: '2023-06-18T18:03:59.355Z'
}
{
  message: ' Application app listening on port 5000',
  level: 'info',
  label: 'PH',
  timestamp: '2023-06-18T18:03:59.368Z'
}
{
  message: 'Database Connected success',
  level: 'info',
  label: 'PH',
  timestamp: '2023-06-18T18:13:13.920Z'
}
{
  message: ' Application app listening on port 5000',
  level: 'info',
  label: 'PH',
  timestamp: '2023-06-18T18:13:13.935Z'
}
{
  message: 'Database Connected success',
  level: 'info',
  label: 'PH',
  timestamp: '2023-06-18T18:14:21.483Z'
}
{
  message: ' Application app listening on port 5000',
  level: 'info',
  label: 'PH',
  timestamp: '2023-06-18T18:14:21.496Z'
}
{
  message: 'Database Connected success',
  level: 'info',
  label: 'PH',
  timestamp: '2023-06-18T18:17:28.555Z'
}
{
  message: ' Application app listening on port 5000',
  level: 'info',
  label: 'PH',
  timestamp: '2023-06-18T18:17:28.567Z'
}
{
  message: 'Database Connected success',
  level: 'info',
  label: 'PH',
  timestamp: '2023-06-18T18:18:39.837Z'
}
{
  message: ' Application app listening on port 5000',
  level: 'info',
  label: 'PH',
  timestamp: '2023-06-18T18:18:39.851Z'
}
{
  message: 'Database Connected success',
  level: 'info',
  label: 'PH',
  timestamp: '2023-06-18T18:22:40.344Z'
}
{
  message: ' Application app listening on port 5000',
  level: 'info',
  label: 'PH',
  timestamp: '2023-06-18T18:22:40.359Z'
}
{
  message: 'Database Connected success',
  level: 'info',
  label: 'PH',
  timestamp: '2023-06-18T18:50:10.663Z'
}
{
  message: ' Application app listening on port 5000',
  level: 'info',
  label: 'PH',
  timestamp: '2023-06-18T18:50:10.676Z'
}
