{
  message: 'Database Connected success',
  level: 'info',
  label: 'PH',
  timestamp: '2023-06-12T03:26:13.394Z'
}
{
  message: ' Application app listening on port 5000',
  level: 'info',
  label: 'PH',
  timestamp: '2023-06-12T03:26:13.413Z'
}
{
  message: 'Database Connected success',
  level: 'info',
  label: 'PH',
  timestamp: '2023-06-12T03:29:53.153Z'
}
{
  message: ' Application app listening on port 5000',
  level: 'info',
  label: 'PH',
  timestamp: '2023-06-12T03:29:53.166Z'
}
{
  message: 'Database Connected success',
  level: 'info',
  label: 'PH',
  timestamp: '2023-06-12T03:34:03.367Z'
}
{
  message: ' Application app listening on port 5000',
  level: 'info',
  label: 'PH',
  timestamp: '2023-06-12T03:34:03.382Z'
}
{
  message: 'Database Connected success',
  level: 'info',
  label: 'PH',
  timestamp: '2023-06-12T03:34:11.545Z'
}
{
  message: ' Application app listening on port 5000',
  level: 'info',
  label: 'PH',
  timestamp: '2023-06-12T03:34:11.557Z'
}
{
  message: 'Database Connected success',
  level: 'info',
  label: 'PH',
  timestamp: '2023-06-12T03:49:53.822Z'
}
{
  message: ' Application app listening on port 5000',
  level: 'info',
  label: 'PH',
  timestamp: '2023-06-12T03:49:53.837Z'
}
{
  message: 'Database Connected success',
  level: 'info',
  label: 'PH',
  timestamp: '2023-06-12T03:51:14.334Z'
}
{
  message: ' Application app listening on port 5000',
  level: 'info',
  label: 'PH',
  timestamp: '2023-06-12T03:51:14.347Z'
}
{
  message: 'Database Connected success',
  level: 'info',
  label: 'PH',
  timestamp: '2023-06-12T03:51:50.138Z'
}
{
  message: ' Application app listening on port 5000',
  level: 'info',
  label: 'PH',
  timestamp: '2023-06-12T03:51:50.150Z'
}
{
  message: 'Database Connected success',
  level: 'info',
  label: 'PH',
  timestamp: '2023-06-12T03:52:06.134Z'
}
{
  message: ' Application app listening on port 5000',
  level: 'info',
  label: 'PH',
  timestamp: '2023-06-12T03:52:06.153Z'
}
{
  message: 'Database Connected success',
  level: 'info',
  label: 'PH',
  timestamp: '2023-06-12T03:52:37.496Z'
}
{
  message: ' Application app listening on port 5000',
  level: 'info',
  label: 'PH',
  timestamp: '2023-06-12T03:52:37.511Z'
}
{
  message: 'Database Connected success',
  level: 'info',
  label: 'PH',
  timestamp: '2023-06-12T03:53:05.739Z'
}
{
  message: ' Application app listening on port 5000',
  level: 'info',
  label: 'PH',
  timestamp: '2023-06-12T03:53:05.754Z'
}
